<?xml version="1.0" encoding="UTF-8"?>
<testsuite name="com.bloomtech.localdatetime.meetingscheduler.MeetingSchedulerTest" tests="2" skipped="0" failures="0" errors="0" timestamp="2024-12-29T15:58:42" hostname="DESKTOP-URGQT26" time="0.138">
  <properties/>
  <testcase name="createInvites_withAvailableEmployeeInSeparateTimeZone()" classname="com.bloomtech.localdatetime.meetingscheduler.MeetingSchedulerTest" time="0.132"/>
  <testcase name="createInvites_whereAnEmployeeIsUnavailableDueToTimeZoneDifference()" classname="com.bloomtech.localdatetime.meetingscheduler.MeetingSchedulerTest" time="0.005"/>
  <system-out><![CDATA[
Meeting starts at 07:00 Pacific Standard Time
[Invite{employee=Employee{name='Anna', timeZone=Eastern Standard Time, startTime=09:00, endTime=17:00}, available=true}]

Meeting starts at 14:00 Pacific Standard Time
[Invite{employee=Employee{name='Anna', timeZone=Eastern Standard Time, startTime=09:00, endTime=17:00}, available=false}, Invite{employee=Employee{name='Erin', timeZone=Pacific Standard Time, startTime=09:00, endTime=17:00}, available=true}]
]]></system-out>
  <system-err><![CDATA[]]></system-err>
</testsuite>
